<?xml version="1.0" encoding="UTF-8"?>
<!-- Generated by org.testng.reporters.JUnitReportReporter -->
<testsuite hostname="DESKTOP-7VJE66H" name="locators.IDExample" tests="1" failures="0" timestamp="11 Apr 2022 04:50:33 GMT" time="10.772" errors="0">
  <testcase name="IdDemo" time="10.772" classname="locators.IDExample"/>
</testsuite> <!-- locators.IDExample -->
