<?xml version="1.0" encoding="UTF-8"?>
<!-- Generated by org.testng.reporters.JUnitReportReporter -->
<testsuite hostname="DESKTOP-7VJE66H" name="locators.NameDemo" tests="1" failures="0" timestamp="11 Apr 2022 06:04:36 GMT" time="7.564" errors="0">
  <testcase name="IdDemo" time="7.564" classname="locators.NameDemo"/>
</testsuite> <!-- locators.NameDemo -->
