<?xml version="1.0" encoding="UTF-8"?>
<!-- Generated by org.testng.reporters.JUnitReportReporter -->
<testsuite hostname="DESKTOP-7VJE66H" name="locators.XpathOrangeHRM" tests="1" failures="0" timestamp="11 Apr 2022 06:54:50 GMT" time="12.792" errors="0">
  <testcase name="IdDemo" time="12.792" classname="locators.XpathOrangeHRM"/>
</testsuite> <!-- locators.XpathOrangeHRM -->
