<?xml version="1.0" encoding="UTF-8"?>
<!-- Generated by org.testng.reporters.JUnitReportReporter -->
<testsuite hostname="DESKTOP-7VJE66H" name="locators.LinksOpencart" tests="1" failures="0" timestamp="11 Apr 2022 08:59:03 GMT" time="6.463" errors="0">
  <testcase name="IdDemo" time="6.463" classname="locators.LinksOpencart"/>
</testsuite> <!-- locators.LinksOpencart -->
