<?xml version="1.0" encoding="UTF-8"?>
<!-- Generated by org.testng.reporters.JUnitReportReporter -->
<testsuite hostname="DESKTOP-7VJE66H" name="locators.XpathDemo" tests="1" failures="0" timestamp="11 Apr 2022 06:53:09 GMT" time="5.368" errors="0">
  <testcase name="IdDemo" time="5.368" classname="locators.XpathDemo"/>
</testsuite> <!-- locators.XpathDemo -->
