<?xml version="1.0" encoding="UTF-8"?>
<!-- Generated by org.testng.reporters.JUnitReportReporter -->
<testsuite hostname="DESKTOP-7VJE66H" name="Locators.FirefoxNameLocator" tests="1" failures="0" timestamp="11 Apr 2022 06:18:59 GMT" time="6.825" errors="0">
  <testcase name="IdDemo" time="6.825" classname="Locators.FirefoxNameLocator"/>
</testsuite> <!-- Locators.FirefoxNameLocator -->
