<?xml version="1.0" encoding="UTF-8"?>
<!-- Generated by org.testng.reporters.JUnitReportReporter -->
<testsuite hostname="DESKTOP-7VJE66H" name="Locators.ChromeNameLocator" tests="1" failures="0" timestamp="11 Apr 2022 06:15:15 GMT" time="4.701" errors="0">
  <testcase name="IdDemo" time="4.701" classname="Locators.ChromeNameLocator"/>
</testsuite> <!-- Locators.ChromeNameLocator -->
