<?xml version="1.0" encoding="UTF-8"?>
<!-- Generated by org.testng.reporters.JUnitReportReporter -->
<testsuite hostname="DESKTOP-7VJE66H" name="locators.IDexample" tests="1" failures="0" timestamp="11 Apr 2022 05:26:21 GMT" time="8.950" errors="0">
  <testcase name="IdDemo" time="8.950" classname="locators.IDexample"/>
</testsuite> <!-- locators.IDexample -->
