<?xml version="1.0" encoding="UTF-8"?>
<!-- Generated by org.testng.reporters.JUnitReportReporter -->
<testsuite hostname="DESKTOP-7VJE66H" name="Locate.LocatorsFirefox" tests="1" failures="0" timestamp="11 Apr 2022 05:29:46 GMT" time="19.992" errors="0">
  <testcase name="IdDemo" time="19.992" classname="Locate.LocatorsFirefox"/>
</testsuite> <!-- Locate.LocatorsFirefox -->
