<?xml version="1.0" encoding="UTF-8"?>
<!-- Generated by org.testng.reporters.JUnitReportReporter -->
<testsuite hostname="DESKTOP-7VJE66H" name="XpathFireFox" tests="1" failures="0" timestamp="11 Apr 2022 07:04:47 GMT" time="9.798" errors="0">
  <testcase name="IdDemo" time="9.798" classname="XpathFireFox"/>
</testsuite> <!-- XpathFireFox -->
