<?xml version="1.0" encoding="UTF-8"?>
<!-- Generated by org.testng.reporters.JUnitReportReporter -->
<testsuite hostname="DESKTOP-7VJE66H" name="Xpathedge" tests="1" failures="0" timestamp="11 Apr 2022 07:13:50 GMT" time="8.155" errors="0">
  <testcase name="IdDemo" time="8.155" classname="Xpathedge"/>
</testsuite> <!-- Xpathedge -->
