<?xml version="1.0" encoding="UTF-8"?>
<!-- Generated by org.testng.reporters.JUnitReportReporter -->
<testsuite hostname="DESKTOP-7VJE66H" name="pomcasestudy.verifyEasy" tests="1" failures="0" timestamp="12 Apr 2022 09:31:54 GMT" time="5.827" errors="0">
  <testcase name="TestUser" time="5.827" classname="pomcasestudy.verifyEasy"/>
</testsuite> <!-- pomcasestudy.verifyEasy -->
