<?xml version="1.0" encoding="UTF-8"?>
<!-- Generated by org.testng.reporters.JUnitReportReporter -->
<testsuite hostname="DESKTOP-7VJE66H" name="pomcasestudy.verifyLoginOpencart" tests="1" failures="0" timestamp="12 Apr 2022 09:35:50 GMT" time="11.475" errors="0">
  <testcase name="TestUser" time="11.475" classname="pomcasestudy.verifyLoginOpencart"/>
</testsuite> <!-- pomcasestudy.verifyLoginOpencart -->
