<?xml version="1.0" encoding="UTF-8"?>
<!-- Generated by org.testng.reporters.JUnitReportReporter -->
<testsuite hostname="DESKTOP-7VJE66H" name="pomcasestudy.verifysalesforceLoginPage" tests="1" failures="0" timestamp="12 Apr 2022 09:22:11 GMT" time="21.500" errors="0">
  <testcase name="TestUser" time="21.500" classname="pomcasestudy.verifysalesforceLoginPage"/>
</testsuite> <!-- pomcasestudy.verifysalesforceLoginPage -->
