<?xml version="1.0" encoding="UTF-8"?>
<!-- Generated by org.testng.reporters.JUnitReportReporter -->
<testsuite hostname="DESKTOP-7VJE66H" name="pomcasestudy2.verifyEasy" tests="1" failures="0" timestamp="12 Apr 2022 09:48:58 GMT" time="5.879" errors="0">
  <testcase name="TestUser" time="5.879" classname="pomcasestudy2.verifyEasy"/>
</testsuite> <!-- pomcasestudy2.verifyEasy -->
