<?xml version="1.0" encoding="UTF-8"?>
<!-- Generated by org.testng.reporters.JUnitReportReporter -->
<testsuite hostname="DESKTOP-7VJE66H" name="pomcasestudy3.verifysalesforceLoginPage" tests="1" failures="0" timestamp="12 Apr 2022 09:36:23 GMT" time="22.389" errors="0">
  <testcase name="TestUser" time="22.389" classname="pomcasestudy3.verifysalesforceLoginPage"/>
</testsuite> <!-- pomcasestudy3.verifysalesforceLoginPage -->
