<?xml version="1.0" encoding="UTF-8"?>
<!-- Generated by org.testng.reporters.JUnitReportReporter -->
<testsuite hostname="DESKTOP-7VJE66H" name="Dropdownboxs.DropdownBoxs" tests="1" failures="0" timestamp="12 Apr 2022 04:54:40 GMT" time="34.738" errors="0">
  <testcase name="DropdownDemo" time="34.738" classname="Dropdownboxs.DropdownBoxs"/>
</testsuite> <!-- Dropdownboxs.DropdownBoxs -->
